<?xml version="1.0" encoding="UTF-8"?>
<testng-results skipped="0" failed="0" ignored="0" total="1" passed="1">
  <reporter-output>
  </reporter-output>
  <suite name="Default suite" duration-ms="18" started-at="2020-12-12T13:39:35Z" finished-at="2020-12-12T13:39:35Z">
    <groups>
    </groups>
    <test name="Default test" duration-ms="18" started-at="2020-12-12T13:39:35Z" finished-at="2020-12-12T13:39:35Z">
      <class name="com.git.GitPractice.Practice">
        <test-method status="PASS" signature="start()[pri:0, instance:com.git.GitPractice.Practice@5dfcfece]" name="start" duration-ms="7" started-at="2020-12-12T19:09:35Z" finished-at="2020-12-12T19:09:35Z">
          <reporter-output>
          </reporter-output>
        </test-method> <!-- start -->
      </class> <!-- com.git.GitPractice.Practice -->
    </test> <!-- Default test -->
  </suite> <!-- Default suite -->
</testng-results>
